#
# There is insufficient memory for the Java Runtime Environment to continue.
# Native memory allocation (malloc) failed to allocate 248576 bytes for Chunk::new
# Possible reasons:
#   The system is out of physical RAM or swap space
#   The process is running with CompressedOops enabled, and the Java Heap may be blocking the growth of the native heap
# Possible solutions:
#   Reduce memory load on the system
#   Increase physical memory or swap space
#   Check if swap backing store is full
#   Decrease Java heap size (-Xmx/-Xms)
#   Decrease number of Java threads
#   Decrease Java thread stack sizes (-Xss)
#   Set larger code cache with -XX:ReservedCodeCacheSize=
#   JVM is running with Zero Based Compressed Oops mode in which the Java heap is
#     placed in the first 32GB address space. The Java Heap base address is the
#     maximum limit for the native heap growth. Please use -XX:HeapBaseMinAddress
#     to set the Java Heap base and to place the Java Heap above 32GB virtual address.
# This output file may be truncated or incomplete.
#
#  Out of Memory Error (arena.cpp:184), pid=12788, tid=9256
#
# JRE version: OpenJDK Runtime Environment (18.0+36) (build 18+36-2087)
# Java VM: OpenJDK 64-Bit Server VM (18+36-2087, mixed mode, sharing, tiered, compressed oops, compressed class ptrs, g1 gc, windows-amd64)
# No core dump will be written. Minidumps are not enabled by default on client versions of Windows
#

---------------  S U M M A R Y ------------

Command Line: -javaagent:D:\Programs\Programming\IntelliJ\Ultimate Edition\lib\idea_rt.jar=65423:D:\Programs\Programming\IntelliJ\Ultimate Edition\bin -Dfile.encoding=UTF-8 main.Main

Host: Intel(R) Core(TM) i7-8750H CPU @ 2.20GHz, 12 cores, 15G,  Windows 11 , 64 bit Build 22000 (10.0.22000.434)
Time: Thu Apr 14 15:56:54 2022 Eastern Daylight Time elapsed time: 139.216588 seconds (0d 0h 2m 19s)

---------------  T H R E A D  ---------------

Current thread (0x00000165e0eae190):  JavaThread "C2 CompilerThread0" daemon [_thread_in_native, id=9256, stack(0x0000003581800000,0x0000003581900000)]


Current CompileTask:
C2: 139217 3387   !   4       sun.java2d.SurfaceDataProxy::replaceData (329 bytes)

Stack: [0x0000003581800000,0x0000003581900000]
Native frames: (J=compiled Java code, j=interpreted, Vv=VM code, C=native code)
V  [jvm.dll+0x69804a]
V  [jvm.dll+0x7f308d]
V  [jvm.dll+0x7f499e]
V  [jvm.dll+0x7f5053]
V  [jvm.dll+0x25ca3f]
V  [jvm.dll+0xb8c2f]
V  [jvm.dll+0xb8fa5]
V  [jvm.dll+0x2c794f]
V  [jvm.dll+0x59fdb0]
V  [jvm.dll+0x237f1e]
V  [jvm.dll+0x231559]
V  [jvm.dll+0x22eeeb]
V  [jvm.dll+0x1b9cfc]
V  [jvm.dll+0x23e8ca]
V  [jvm.dll+0x23cbac]
V  [jvm.dll+0x7a5781]
V  [jvm.dll+0x79fbba]
V  [jvm.dll+0x696ef5]
C  [ucrtbase.dll+0x26c0c]
C  [KERNEL32.DLL+0x154e0]
C  [ntdll.dll+0x485b]


---------------  P R O C E S S  ---------------

Threads class SMR info:
_java_thread_list=0x00000165997713f0, length=22, elements={
0x00000165e0e8c500, 0x00000165e0e8d160, 0x00000165e0eab3b0, 0x00000165e0eabc60,
0x00000165e0eacb20, 0x00000165e0ead4c0, 0x00000165e0eae190, 0x00000165e0eb0b80,
0x00000165e0eb9570, 0x00000165e0e79790, 0x00000165e528dc10, 0x00000165e528e0d0,
0x00000165e5898b10, 0x00000165e59d0240, 0x00000165e59d15a0, 0x00000165e6858220,
0x00000165e6857880, 0x00000165e6858bc0, 0x00000165e6857d50, 0x00000165e6859a30,
0x00000165e6859560, 0x00000165e6859f00
}

Java Threads: ( => current thread )
  0x00000165e0e8c500 JavaThread "Reference Handler" daemon [_thread_blocked, id=18932, stack(0x0000003581200000,0x0000003581300000)]
  0x00000165e0e8d160 JavaThread "Finalizer" daemon [_thread_blocked, id=2580, stack(0x0000003581300000,0x0000003581400000)]
  0x00000165e0eab3b0 JavaThread "Signal Dispatcher" daemon [_thread_blocked, id=5068, stack(0x0000003581400000,0x0000003581500000)]
  0x00000165e0eabc60 JavaThread "Attach Listener" daemon [_thread_blocked, id=12484, stack(0x0000003581500000,0x0000003581600000)]
  0x00000165e0eacb20 JavaThread "Service Thread" daemon [_thread_blocked, id=17968, stack(0x0000003581600000,0x0000003581700000)]
  0x00000165e0ead4c0 JavaThread "Monitor Deflation Thread" daemon [_thread_blocked, id=13292, stack(0x0000003581700000,0x0000003581800000)]
=>0x00000165e0eae190 JavaThread "C2 CompilerThread0" daemon [_thread_in_native, id=9256, stack(0x0000003581800000,0x0000003581900000)]
  0x00000165e0eb0b80 JavaThread "C1 CompilerThread0" daemon [_thread_blocked, id=18876, stack(0x0000003581900000,0x0000003581a00000)]
  0x00000165e0eb9570 JavaThread "Sweeper thread" daemon [_thread_blocked, id=8260, stack(0x0000003581a00000,0x0000003581b00000)]
  0x00000165e0e79790 JavaThread "Common-Cleaner" daemon [_thread_blocked, id=17608, stack(0x0000003581b00000,0x0000003581c00000)]
  0x00000165e528dc10 JavaThread "Monitor Ctrl-Break" daemon [_thread_in_native, id=15900, stack(0x0000003581c00000,0x0000003581d00000)]
  0x00000165e528e0d0 JavaThread "Notification Thread" daemon [_thread_blocked, id=18556, stack(0x0000003581d00000,0x0000003581e00000)]
  0x00000165e5898b10 JavaThread "Java2D Disposer" daemon [_thread_blocked, id=19264, stack(0x0000003582000000,0x0000003582100000)]
  0x00000165e59d0240 JavaThread "AWT-Shutdown" [_thread_blocked, id=7260, stack(0x0000003581f00000,0x0000003582000000)]
  0x00000165e59d15a0 JavaThread "AWT-Windows" daemon [_thread_in_native, id=11820, stack(0x0000003582600000,0x0000003582700000)]
  0x00000165e6858220 JavaThread "AWT-EventQueue-0" [_thread_in_native, id=11304, stack(0x0000003582a00000,0x0000003582b00000)]
  0x00000165e6857880 JavaThread "D3D Screen Updater" daemon [_thread_blocked, id=19096, stack(0x0000003582b00000,0x0000003582c00000)]
  0x00000165e6858bc0 JavaThread "Java Sound Event Dispatcher" daemon [_thread_blocked, id=3228, stack(0x0000003583300000,0x0000003583400000)]
  0x00000165e6857d50 JavaThread "DestroyJavaVM" [_thread_blocked, id=884, stack(0x0000003580b00000,0x0000003580c00000)]
  0x00000165e6859a30 JavaThread "Thread-7" [_thread_blocked, id=6464, stack(0x0000003583400000,0x0000003583500000)]
  0x00000165e6859560 JavaThread "Thread-11" [_thread_in_Java, id=16080, stack(0x0000003580800000,0x0000003580900000)]
  0x00000165e6859f00 JavaThread "Thread-12" [_thread_in_Java, id=908, stack(0x0000003580900000,0x0000003580a00000)]

Other Threads:
  0x00000165bdd21710 VMThread "VM Thread" [stack: 0x0000003581100000,0x0000003581200000] [id=19028]
  0x00000165bdc928c0 WatcherThread "VM Periodic Task Thread" [stack: 0x0000003581e00000,0x0000003581f00000] [id=16064]
  0x00000165bdd05300 WorkerThread "GC Thread#0" [stack: 0x0000003580c00000,0x0000003580d00000] [id=16456]
  0x00000165e58b4790 WorkerThread "GC Thread#1" [stack: 0x0000003582100000,0x0000003582200000] [id=17540]
  0x00000165e58b4a30 WorkerThread "GC Thread#2" [stack: 0x0000003582200000,0x0000003582300000] [id=928]
  0x00000165e58c1ca0 WorkerThread "GC Thread#3" [stack: 0x0000003582300000,0x0000003582400000] [id=8984]
  0x00000165e58c1f40 WorkerThread "GC Thread#4" [stack: 0x0000003582400000,0x0000003582500000] [id=16852]
  0x00000165e58c2660 WorkerThread "GC Thread#5" [stack: 0x0000003582500000,0x0000003582600000] [id=5248]
  0x00000165e689e9d0 WorkerThread "GC Thread#6" [stack: 0x0000003582d00000,0x0000003582e00000] [id=4148]
  0x00000165e689ec70 WorkerThread "GC Thread#7" [stack: 0x0000003582e00000,0x0000003582f00000] [id=12612]
  0x00000165e689f990 WorkerThread "GC Thread#8" [stack: 0x0000003582f00000,0x0000003583000000] [id=13860]
  0x00000165e689ef10 WorkerThread "GC Thread#9" [stack: 0x0000003583000000,0x0000003583100000] [id=4684]
  0x00000165bdd16110 ConcurrentGCThread "G1 Main Marker" [stack: 0x0000003580d00000,0x0000003580e00000] [id=12432]
  0x00000165bdd16b00 WorkerThread "G1 Conc#0" [stack: 0x0000003580e00000,0x0000003580f00000] [id=14036]
  0x00000165e6c64310 WorkerThread "G1 Conc#1" [stack: 0x0000003583c40000,0x0000003583d40000] [id=19124]
  0x00000165e6c64af0 WorkerThread "G1 Conc#2" [stack: 0x0000003583d40000,0x0000003583e40000] [id=4520]
  0x00000165bdd5e850 ConcurrentGCThread "G1 Refine#0" [stack: 0x0000003580f00000,0x0000003581000000] [id=17700]
  0x00000165e0d45370 ConcurrentGCThread "G1 Service" [stack: 0x0000003581000000,0x0000003581100000] [id=9440]

Threads with active compile tasks:
C2 CompilerThread0   139655 3387   !   4       sun.java2d.SurfaceDataProxy::replaceData (329 bytes)

VM state: not at safepoint (normal execution)

VM Mutex/Monitor currently owned by a thread: None

Heap address: 0x0000000701200000, size: 4078 MB, Compressed Oops mode: Zero based, Oop shift amount: 3

CDS archive(s) mapped at: [0x0000000800000000-0x0000000800b90000-0x0000000800b90000), size 12124160, SharedBaseAddress: 0x0000000800000000, ArchiveRelocationMode: 0.
Compressed class space mapped at: 0x0000000800c00000-0x0000000840c00000, reserved size: 1073741824
Narrow klass base: 0x0000000800000000, Narrow klass shift: 0, Narrow klass range: 0x100000000

GC Precious Log:
 CardTable entry size: 512
 Card Set container configuration: InlinePtr #cards 4 size 8 Array Of Cards #cards 16 size 48 Howl #buckets 8 coarsen threshold 3686 Howl Bitmap #cards 512 size 80 coarsen threshold 460 Card regions per heap region 1 cards per card region 4096
 CPUs: 12 total, 12 available
 Memory: 16307M
 Large Page Support: Disabled
 NUMA Support: Disabled
 Compressed Oops: Enabled (Zero based)
 Heap Region Size: 2M
 Heap Min Capacity: 8M
 Heap Initial Capacity: 256M
 Heap Max Capacity: 4078M
 Pre-touch: Disabled
 Parallel Workers: 10
 Concurrent Workers: 3
 Concurrent Refinement Workers: 10
 Periodic GC: Disabled

Heap:
 garbage-first heap   total 421888K, used 322452K [0x0000000701200000, 0x0000000800000000)
  region size 2048K, 82 young (167936K), 7 survivors (14336K)
 Metaspace       used 13100K, committed 13312K, reserved 1114112K
  class space    used 1301K, committed 1408K, reserved 1048576K

Heap Regions: E=young(eden), S=young(survivor), O=old, HS=humongous(starts), HC=humongous(continues), CS=collection set, F=free, OA=open archive, CA=closed archive, TAMS=top-at-mark-start (previous, next)
|   0|0x0000000701200000, 0x0000000701400000, 0x0000000701400000|100%|HS|  |TAMS 0x0000000701400000, 0x0000000701200000| Complete 
|   1|0x0000000701400000, 0x0000000701600000, 0x0000000701600000|100%|HC|  |TAMS 0x0000000701600000, 0x0000000701400000| Complete 
|   2|0x0000000701600000, 0x0000000701800000, 0x0000000701800000|100%|HC|  |TAMS 0x0000000701800000, 0x0000000701600000| Complete 
|   3|0x0000000701800000, 0x0000000701a00000, 0x0000000701a00000|100%|HS|  |TAMS 0x0000000701a00000, 0x0000000701800000| Complete 
|   4|0x0000000701a00000, 0x0000000701c00000, 0x0000000701c00000|100%|HC|  |TAMS 0x0000000701c00000, 0x0000000701a00000| Complete 
|   5|0x0000000701c00000, 0x0000000701e00000, 0x0000000701e00000|100%|HC|  |TAMS 0x0000000701e00000, 0x0000000701c00000| Complete 
|   6|0x0000000701e00000, 0x0000000702000000, 0x0000000702000000|100%|HC|  |TAMS 0x0000000702000000, 0x0000000701e00000| Complete 
|   7|0x0000000702000000, 0x0000000702200000, 0x0000000702200000|100%|HC|  |TAMS 0x0000000702200000, 0x0000000702000000| Complete 
|   8|0x0000000702200000, 0x0000000702400000, 0x0000000702400000|100%|HC|  |TAMS 0x0000000702400000, 0x0000000702200000| Complete 
|   9|0x0000000702400000, 0x0000000702600000, 0x0000000702600000|100%|HC|  |TAMS 0x0000000702600000, 0x0000000702400000| Complete 
|  10|0x0000000702600000, 0x0000000702800000, 0x0000000702800000|100%|HC|  |TAMS 0x0000000702800000, 0x0000000702600000| Complete 
|  11|0x0000000702800000, 0x0000000702a00000, 0x0000000702a00000|100%|HC|  |TAMS 0x0000000702a00000, 0x0000000702800000| Complete 
|  12|0x0000000702a00000, 0x0000000702c00000, 0x0000000702c00000|100%| O|  |TAMS 0x0000000702c00000, 0x0000000702a00000| Untracked 
|  13|0x0000000702c00000, 0x0000000702e00000, 0x0000000702e00000|100%|HS|  |TAMS 0x0000000702e00000, 0x0000000702c00000| Complete 
|  14|0x0000000702e00000, 0x0000000703000000, 0x0000000703000000|100%|HC|  |TAMS 0x0000000703000000, 0x0000000702e00000| Complete 
|  15|0x0000000703000000, 0x0000000703200000, 0x0000000703200000|100%|HC|  |TAMS 0x0000000703200000, 0x0000000703000000| Complete 
|  16|0x0000000703200000, 0x0000000703400000, 0x0000000703400000|100%|HC|  |TAMS 0x0000000703400000, 0x0000000703200000| Complete 
|  17|0x0000000703400000, 0x0000000703600000, 0x0000000703600000|100%| O|  |TAMS 0x0000000703600000, 0x0000000703400000| Untracked 
|  18|0x0000000703600000, 0x0000000703800000, 0x0000000703800000|100%| O|  |TAMS 0x0000000703800000, 0x0000000703600000| Untracked 
|  19|0x0000000703800000, 0x0000000703a00000, 0x0000000703a00000|100%| O|  |TAMS 0x0000000703a00000, 0x0000000703800000| Untracked 
|  20|0x0000000703a00000, 0x0000000703c00000, 0x0000000703c00000|100%| O|  |TAMS 0x0000000703c00000, 0x0000000703a00000| Untracked 
|  21|0x0000000703c00000, 0x0000000703e00000, 0x0000000703e00000|100%| O|  |TAMS 0x0000000703e00000, 0x0000000703c00000| Untracked 
|  22|0x0000000703e00000, 0x0000000704000000, 0x0000000704000000|100%| O|  |TAMS 0x0000000703f6b200, 0x0000000703e00000| Untracked 
|  23|0x0000000704000000, 0x000000070400c200, 0x0000000704200000|  2%| O|  |TAMS 0x0000000704000000, 0x0000000704000000| Untracked 
|  24|0x0000000704200000, 0x0000000704400000, 0x0000000704400000|100%|HS|  |TAMS 0x0000000704200000, 0x0000000704200000| Complete 
|  25|0x0000000704400000, 0x0000000704600000, 0x0000000704600000|100%|HS|  |TAMS 0x0000000704400000, 0x0000000704400000| Complete 
|  26|0x0000000704600000, 0x0000000704800000, 0x0000000704800000|100%|HS|  |TAMS 0x0000000704600000, 0x0000000704600000| Complete 
|  27|0x0000000704800000, 0x0000000704a00000, 0x0000000704a00000|100%|HC|  |TAMS 0x0000000704800000, 0x0000000704800000| Complete 
|  28|0x0000000704a00000, 0x0000000704c00000, 0x0000000704c00000|100%|HS|  |TAMS 0x0000000704a00000, 0x0000000704a00000| Complete 
|  29|0x0000000704c00000, 0x0000000704c00000, 0x0000000704e00000|  0%| F|  |TAMS 0x0000000704c00000, 0x0000000704c00000| Untracked 
|  30|0x0000000704e00000, 0x0000000705000000, 0x0000000705000000|100%|HS|  |TAMS 0x0000000705000000, 0x0000000704e00000| Complete 
|  31|0x0000000705000000, 0x0000000705200000, 0x0000000705200000|100%|HC|  |TAMS 0x0000000705200000, 0x0000000705000000| Complete 
|  32|0x0000000705200000, 0x0000000705400000, 0x0000000705400000|100%|HS|  |TAMS 0x0000000705400000, 0x0000000705200000| Complete 
|  33|0x0000000705400000, 0x0000000705600000, 0x0000000705600000|100%|HC|  |TAMS 0x0000000705600000, 0x0000000705400000| Complete 
|  34|0x0000000705600000, 0x0000000705800000, 0x0000000705800000|100%|HC|  |TAMS 0x0000000705800000, 0x0000000705600000| Complete 
|  35|0x0000000705800000, 0x0000000705a00000, 0x0000000705a00000|100%|HC|  |TAMS 0x0000000705a00000, 0x0000000705800000| Complete 
|  36|0x0000000705a00000, 0x0000000705c00000, 0x0000000705c00000|100%|HC|  |TAMS 0x0000000705c00000, 0x0000000705a00000| Complete 
|  37|0x0000000705c00000, 0x0000000705e00000, 0x0000000705e00000|100%|HC|  |TAMS 0x0000000705e00000, 0x0000000705c00000| Complete 
|  38|0x0000000705e00000, 0x0000000706000000, 0x0000000706000000|100%|HC|  |TAMS 0x0000000706000000, 0x0000000705e00000| Complete 
|  39|0x0000000706000000, 0x0000000706200000, 0x0000000706200000|100%|HC|  |TAMS 0x0000000706200000, 0x0000000706000000| Complete 
|  40|0x0000000706200000, 0x0000000706400000, 0x0000000706400000|100%|HC|  |TAMS 0x0000000706400000, 0x0000000706200000| Complete 
|  41|0x0000000706400000, 0x0000000706600000, 0x0000000706600000|100%|HC|  |TAMS 0x0000000706600000, 0x0000000706400000| Complete 
|  42|0x0000000706600000, 0x0000000706800000, 0x0000000706800000|100%|HC|  |TAMS 0x0000000706800000, 0x0000000706600000| Complete 
|  43|0x0000000706800000, 0x0000000706a00000, 0x0000000706a00000|100%|HC|  |TAMS 0x0000000706a00000, 0x0000000706800000| Complete 
|  44|0x0000000706a00000, 0x0000000706c00000, 0x0000000706c00000|100%|HC|  |TAMS 0x0000000706c00000, 0x0000000706a00000| Complete 
|  45|0x0000000706c00000, 0x0000000706e00000, 0x0000000706e00000|100%|HC|  |TAMS 0x0000000706e00000, 0x0000000706c00000| Complete 
|  46|0x0000000706e00000, 0x0000000707000000, 0x0000000707000000|100%|HC|  |TAMS 0x0000000707000000, 0x0000000706e00000| Complete 
|  47|0x0000000707000000, 0x0000000707200000, 0x0000000707200000|100%|HC|  |TAMS 0x0000000707200000, 0x0000000707000000| Complete 
|  48|0x0000000707200000, 0x0000000707400000, 0x0000000707400000|100%|HC|  |TAMS 0x0000000707400000, 0x0000000707200000| Complete 
|  49|0x0000000707400000, 0x0000000707600000, 0x0000000707600000|100%|HC|  |TAMS 0x0000000707600000, 0x0000000707400000| Complete 
|  50|0x0000000707600000, 0x0000000707800000, 0x0000000707800000|100%|HC|  |TAMS 0x0000000707800000, 0x0000000707600000| Complete 
|  51|0x0000000707800000, 0x0000000707a00000, 0x0000000707a00000|100%|HC|  |TAMS 0x0000000707a00000, 0x0000000707800000| Complete 
|  52|0x0000000707a00000, 0x0000000707c00000, 0x0000000707c00000|100%|HC|  |TAMS 0x0000000707c00000, 0x0000000707a00000| Complete 
|  53|0x0000000707c00000, 0x0000000707e00000, 0x0000000707e00000|100%|HC|  |TAMS 0x0000000707e00000, 0x0000000707c00000| Complete 
|  54|0x0000000707e00000, 0x0000000708000000, 0x0000000708000000|100%|HC|  |TAMS 0x0000000708000000, 0x0000000707e00000| Complete 
|  55|0x0000000708000000, 0x0000000708200000, 0x0000000708200000|100%|HC|  |TAMS 0x0000000708200000, 0x0000000708000000| Complete 
|  56|0x0000000708200000, 0x0000000708400000, 0x0000000708400000|100%|HC|  |TAMS 0x0000000708400000, 0x0000000708200000| Complete 
|  57|0x0000000708400000, 0x0000000708600000, 0x0000000708600000|100%|HC|  |TAMS 0x0000000708600000, 0x0000000708400000| Complete 
|  58|0x0000000708600000, 0x0000000708800000, 0x0000000708800000|100%|HC|  |TAMS 0x0000000708800000, 0x0000000708600000| Complete 
|  59|0x0000000708800000, 0x0000000708a00000, 0x0000000708a00000|100%|HC|  |TAMS 0x0000000708a00000, 0x0000000708800000| Complete 
|  60|0x0000000708a00000, 0x0000000708c00000, 0x0000000708c00000|100%|HC|  |TAMS 0x0000000708c00000, 0x0000000708a00000| Complete 
|  61|0x0000000708c00000, 0x0000000708e00000, 0x0000000708e00000|100%|HC|  |TAMS 0x0000000708e00000, 0x0000000708c00000| Complete 
|  62|0x0000000708e00000, 0x0000000709000000, 0x0000000709000000|100%|HC|  |TAMS 0x0000000709000000, 0x0000000708e00000| Complete 
|  63|0x0000000709000000, 0x0000000709200000, 0x0000000709200000|100%|HC|  |TAMS 0x0000000709200000, 0x0000000709000000| Complete 
|  64|0x0000000709200000, 0x0000000709400000, 0x0000000709400000|100%|HC|  |TAMS 0x0000000709400000, 0x0000000709200000| Complete 
|  65|0x0000000709400000, 0x0000000709600000, 0x0000000709600000|100%|HC|  |TAMS 0x0000000709600000, 0x0000000709400000| Complete 
|  66|0x0000000709600000, 0x0000000709800000, 0x0000000709800000|100%|HC|  |TAMS 0x0000000709800000, 0x0000000709600000| Complete 
|  67|0x0000000709800000, 0x0000000709a00000, 0x0000000709a00000|100%|HC|  |TAMS 0x0000000709a00000, 0x0000000709800000| Complete 
|  68|0x0000000709a00000, 0x0000000709c00000, 0x0000000709c00000|100%|HC|  |TAMS 0x0000000709c00000, 0x0000000709a00000| Complete 
|  69|0x0000000709c00000, 0x0000000709e00000, 0x0000000709e00000|100%|HC|  |TAMS 0x0000000709e00000, 0x0000000709c00000| Complete 
|  70|0x0000000709e00000, 0x000000070a000000, 0x000000070a000000|100%|HC|  |TAMS 0x000000070a000000, 0x0000000709e00000| Complete 
|  71|0x000000070a000000, 0x000000070a200000, 0x000000070a200000|100%|HC|  |TAMS 0x000000070a200000, 0x000000070a000000| Complete 
|  72|0x000000070a200000, 0x000000070a400000, 0x000000070a400000|100%|HC|  |TAMS 0x000000070a400000, 0x000000070a200000| Complete 
|  73|0x000000070a400000, 0x000000070a600000, 0x000000070a600000|100%|HC|  |TAMS 0x000000070a600000, 0x000000070a400000| Complete 
|  74|0x000000070a600000, 0x000000070a800000, 0x000000070a800000|100%|HC|  |TAMS 0x000000070a800000, 0x000000070a600000| Complete 
|  75|0x000000070a800000, 0x000000070aa00000, 0x000000070aa00000|100%|HC|  |TAMS 0x000000070aa00000, 0x000000070a800000| Complete 
|  76|0x000000070aa00000, 0x000000070ac00000, 0x000000070ac00000|100%|HC|  |TAMS 0x000000070ac00000, 0x000000070aa00000| Complete 
|  77|0x000000070ac00000, 0x000000070ae00000, 0x000000070ae00000|100%|HC|  |TAMS 0x000000070ae00000, 0x000000070ac00000| Complete 
|  78|0x000000070ae00000, 0x000000070b000000, 0x000000070b000000|100%|HC|  |TAMS 0x000000070b000000, 0x000000070ae00000| Complete 
|  79|0x000000070b000000, 0x000000070b200000, 0x000000070b200000|100%|HC|  |TAMS 0x000000070b200000, 0x000000070b000000| Complete 
|  80|0x000000070b200000, 0x000000070b200000, 0x000000070b400000|  0%| F|  |TAMS 0x000000070b200000, 0x000000070b200000| Untracked 
|  81|0x000000070b400000, 0x000000070b400000, 0x000000070b600000|  0%| F|  |TAMS 0x000000070b400000, 0x000000070b400000| Untracked 
|  82|0x000000070b600000, 0x000000070b600000, 0x000000070b800000|  0%| F|  |TAMS 0x000000070b600000, 0x000000070b600000| Untracked 
|  83|0x000000070b800000, 0x000000070b800000, 0x000000070ba00000|  0%| F|  |TAMS 0x000000070b800000, 0x000000070b800000| Untracked 
|  84|0x000000070ba00000, 0x000000070ba00000, 0x000000070bc00000|  0%| F|  |TAMS 0x000000070ba00000, 0x000000070ba00000| Untracked 
|  85|0x000000070bc00000, 0x000000070bc00000, 0x000000070be00000|  0%| F|  |TAMS 0x000000070bc00000, 0x000000070bc00000| Untracked 
|  86|0x000000070be00000, 0x000000070be00000, 0x000000070c000000|  0%| F|  |TAMS 0x000000070be00000, 0x000000070be00000| Untracked 
|  87|0x000000070c000000, 0x000000070c000000, 0x000000070c200000|  0%| F|  |TAMS 0x000000070c000000, 0x000000070c000000| Untracked 
|  88|0x000000070c200000, 0x000000070c200000, 0x000000070c400000|  0%| F|  |TAMS 0x000000070c200000, 0x000000070c200000| Untracked 
|  89|0x000000070c400000, 0x000000070c400000, 0x000000070c600000|  0%| F|  |TAMS 0x000000070c400000, 0x000000070c400000| Untracked 
|  90|0x000000070c600000, 0x000000070c600000, 0x000000070c800000|  0%| F|  |TAMS 0x000000070c600000, 0x000000070c600000| Untracked 
|  91|0x000000070c800000, 0x000000070c800000, 0x000000070ca00000|  0%| F|  |TAMS 0x000000070c800000, 0x000000070c800000| Untracked 
|  92|0x000000070ca00000, 0x000000070ca00000, 0x000000070cc00000|  0%| F|  |TAMS 0x000000070ca00000, 0x000000070ca00000| Untracked 
|  93|0x000000070cc00000, 0x000000070cc00000, 0x000000070ce00000|  0%| F|  |TAMS 0x000000070cc00000, 0x000000070cc00000| Untracked 
|  94|0x000000070ce00000, 0x000000070ced9000, 0x000000070d000000| 42%| S|CS|TAMS 0x000000070ce00000, 0x000000070ce00000| Complete 
|  95|0x000000070d000000, 0x000000070d200000, 0x000000070d200000|100%| S|CS|TAMS 0x000000070d000000, 0x000000070d000000| Complete 
|  96|0x000000070d200000, 0x000000070d400000, 0x000000070d400000|100%| S|CS|TAMS 0x000000070d200000, 0x000000070d200000| Complete 
|  97|0x000000070d400000, 0x000000070d600000, 0x000000070d600000|100%| S|CS|TAMS 0x000000070d400000, 0x000000070d400000| Complete 
|  98|0x000000070d600000, 0x000000070d600000, 0x000000070d800000|  0%| F|  |TAMS 0x000000070d600000, 0x000000070d600000| Untracked 
|  99|0x000000070d800000, 0x000000070d800000, 0x000000070da00000|  0%| F|  |TAMS 0x000000070d800000, 0x000000070d800000| Untracked 
| 100|0x000000070da00000, 0x000000070da00000, 0x000000070dc00000|  0%| F|  |TAMS 0x000000070da00000, 0x000000070da00000| Untracked 
| 101|0x000000070dc00000, 0x000000070dc00000, 0x000000070de00000|  0%| F|  |TAMS 0x000000070dc00000, 0x000000070dc00000| Untracked 
| 102|0x000000070de00000, 0x000000070de00000, 0x000000070e000000|  0%| F|  |TAMS 0x000000070de00000, 0x000000070de00000| Untracked 
| 103|0x000000070e000000, 0x000000070e200000, 0x000000070e200000|100%| S|CS|TAMS 0x000000070e000000, 0x000000070e000000| Complete 
| 104|0x000000070e200000, 0x000000070e400000, 0x000000070e400000|100%| S|CS|TAMS 0x000000070e200000, 0x000000070e200000| Complete 
| 105|0x000000070e400000, 0x000000070e600000, 0x000000070e600000|100%| S|CS|TAMS 0x000000070e400000, 0x000000070e400000| Complete 
| 106|0x000000070e600000, 0x000000070e600000, 0x000000070e800000|  0%| F|  |TAMS 0x000000070e600000, 0x000000070e600000| Untracked 
| 107|0x000000070e800000, 0x000000070e800000, 0x000000070ea00000|  0%| F|  |TAMS 0x000000070e800000, 0x000000070e800000| Untracked 
| 108|0x000000070ea00000, 0x000000070ea00000, 0x000000070ec00000|  0%| F|  |TAMS 0x000000070ea00000, 0x000000070ea00000| Untracked 
| 109|0x000000070ec00000, 0x000000070ec00000, 0x000000070ee00000|  0%| F|  |TAMS 0x000000070ec00000, 0x000000070ec00000| Untracked 
| 110|0x000000070ee00000, 0x000000070ee00000, 0x000000070f000000|  0%| F|  |TAMS 0x000000070ee00000, 0x000000070ee00000| Untracked 
| 111|0x000000070f000000, 0x000000070f000000, 0x000000070f200000|  0%| F|  |TAMS 0x000000070f000000, 0x000000070f000000| Untracked 
| 112|0x000000070f200000, 0x000000070f200000, 0x000000070f400000|  0%| F|  |TAMS 0x000000070f200000, 0x000000070f200000| Untracked 
| 113|0x000000070f400000, 0x000000070f400000, 0x000000070f600000|  0%| F|  |TAMS 0x000000070f400000, 0x000000070f400000| Untracked 
| 114|0x000000070f600000, 0x000000070f600000, 0x000000070f800000|  0%| F|  |TAMS 0x000000070f600000, 0x000000070f600000| Untracked 
| 115|0x000000070f800000, 0x000000070f800000, 0x000000070fa00000|  0%| F|  |TAMS 0x000000070f800000, 0x000000070f800000| Untracked 
| 116|0x000000070fa00000, 0x000000070fa00000, 0x000000070fc00000|  0%| F|  |TAMS 0x000000070fa00000, 0x000000070fa00000| Untracked 
| 117|0x000000070fc00000, 0x000000070fc00000, 0x000000070fe00000|  0%| F|  |TAMS 0x000000070fc00000, 0x000000070fc00000| Untracked 
| 118|0x000000070fe00000, 0x000000070fe00000, 0x0000000710000000|  0%| F|  |TAMS 0x000000070fe00000, 0x000000070fe00000| Untracked 
| 119|0x0000000710000000, 0x0000000710000000, 0x0000000710200000|  0%| F|  |TAMS 0x0000000710000000, 0x0000000710000000| Untracked 
| 120|0x0000000710200000, 0x0000000710200000, 0x0000000710400000|  0%| F|  |TAMS 0x0000000710200000, 0x0000000710200000| Untracked 
| 121|0x0000000710400000, 0x0000000710400000, 0x0000000710600000|  0%| F|  |TAMS 0x0000000710400000, 0x0000000710400000| Untracked 
| 122|0x0000000710600000, 0x0000000710600000, 0x0000000710800000|  0%| F|  |TAMS 0x0000000710600000, 0x0000000710600000| Untracked 
| 123|0x0000000710800000, 0x0000000710800000, 0x0000000710a00000|  0%| F|  |TAMS 0x0000000710800000, 0x0000000710800000| Untracked 
| 124|0x0000000710a00000, 0x0000000710a00000, 0x0000000710c00000|  0%| F|  |TAMS 0x0000000710a00000, 0x0000000710a00000| Untracked 
| 125|0x0000000710c00000, 0x0000000710c00000, 0x0000000710e00000|  0%| F|  |TAMS 0x0000000710c00000, 0x0000000710c00000| Untracked 
| 126|0x0000000710e00000, 0x0000000710e00000, 0x0000000711000000|  0%| F|  |TAMS 0x0000000710e00000, 0x0000000710e00000| Untracked 
| 127|0x0000000711000000, 0x0000000711000000, 0x0000000711200000|  0%| F|  |TAMS 0x0000000711000000, 0x0000000711000000| Untracked 
| 128|0x0000000711200000, 0x0000000711200000, 0x0000000711400000|  0%| F|  |TAMS 0x0000000711200000, 0x0000000711200000| Untracked 
| 129|0x0000000711400000, 0x0000000711400000, 0x0000000711600000|  0%| F|  |TAMS 0x0000000711400000, 0x0000000711400000| Untracked 
| 130|0x0000000711600000, 0x0000000711600000, 0x0000000711800000|  0%| F|  |TAMS 0x0000000711600000, 0x0000000711600000| Untracked 
| 131|0x0000000711800000, 0x00000007119036b0, 0x0000000711a00000| 50%| E|  |TAMS 0x0000000711800000, 0x0000000711800000| Complete 
| 132|0x0000000711a00000, 0x0000000711c00000, 0x0000000711c00000|100%| E|CS|TAMS 0x0000000711a00000, 0x0000000711a00000| Complete 
| 133|0x0000000711c00000, 0x0000000711e00000, 0x0000000711e00000|100%| E|CS|TAMS 0x0000000711c00000, 0x0000000711c00000| Complete 
| 134|0x0000000711e00000, 0x0000000712000000, 0x0000000712000000|100%| E|CS|TAMS 0x0000000711e00000, 0x0000000711e00000| Complete 
| 135|0x0000000712000000, 0x0000000712200000, 0x0000000712200000|100%| E|CS|TAMS 0x0000000712000000, 0x0000000712000000| Complete 
| 136|0x0000000712200000, 0x0000000712400000, 0x0000000712400000|100%| E|CS|TAMS 0x0000000712200000, 0x0000000712200000| Complete 
| 137|0x0000000712400000, 0x0000000712600000, 0x0000000712600000|100%| E|CS|TAMS 0x0000000712400000, 0x0000000712400000| Complete 
| 138|0x0000000712600000, 0x0000000712800000, 0x0000000712800000|100%| E|CS|TAMS 0x0000000712600000, 0x0000000712600000| Complete 
| 139|0x0000000712800000, 0x0000000712a00000, 0x0000000712a00000|100%| E|CS|TAMS 0x0000000712800000, 0x0000000712800000| Complete 
| 140|0x0000000712a00000, 0x0000000712c00000, 0x0000000712c00000|100%| E|CS|TAMS 0x0000000712a00000, 0x0000000712a00000| Complete 
| 141|0x0000000712c00000, 0x0000000712e00000, 0x0000000712e00000|100%| E|CS|TAMS 0x0000000712c00000, 0x0000000712c00000| Complete 
| 142|0x0000000712e00000, 0x0000000713000000, 0x0000000713000000|100%| E|CS|TAMS 0x0000000712e00000, 0x0000000712e00000| Complete 
| 143|0x0000000713000000, 0x0000000713200000, 0x0000000713200000|100%| E|CS|TAMS 0x0000000713000000, 0x0000000713000000| Complete 
| 144|0x0000000713200000, 0x0000000713400000, 0x0000000713400000|100%| E|CS|TAMS 0x0000000713200000, 0x0000000713200000| Complete 
| 145|0x0000000713400000, 0x0000000713600000, 0x0000000713600000|100%| E|CS|TAMS 0x0000000713400000, 0x0000000713400000| Complete 
| 146|0x0000000713600000, 0x0000000713800000, 0x0000000713800000|100%| E|CS|TAMS 0x0000000713600000, 0x0000000713600000| Complete 
| 147|0x0000000713800000, 0x0000000713a00000, 0x0000000713a00000|100%| E|CS|TAMS 0x0000000713800000, 0x0000000713800000| Complete 
| 148|0x0000000713a00000, 0x0000000713c00000, 0x0000000713c00000|100%| E|CS|TAMS 0x0000000713a00000, 0x0000000713a00000| Complete 
| 149|0x0000000713c00000, 0x0000000713e00000, 0x0000000713e00000|100%| E|CS|TAMS 0x0000000713c00000, 0x0000000713c00000| Complete 
| 150|0x0000000713e00000, 0x0000000714000000, 0x0000000714000000|100%| E|CS|TAMS 0x0000000713e00000, 0x0000000713e00000| Complete 
| 151|0x0000000714000000, 0x0000000714200000, 0x0000000714200000|100%| E|CS|TAMS 0x0000000714000000, 0x0000000714000000| Complete 
| 152|0x0000000714200000, 0x0000000714400000, 0x0000000714400000|100%| E|CS|TAMS 0x0000000714200000, 0x0000000714200000| Complete 
| 153|0x0000000714400000, 0x0000000714600000, 0x0000000714600000|100%| E|CS|TAMS 0x0000000714400000, 0x0000000714400000| Complete 
| 154|0x0000000714600000, 0x0000000714800000, 0x0000000714800000|100%| E|CS|TAMS 0x0000000714600000, 0x0000000714600000| Complete 
| 155|0x0000000714800000, 0x0000000714a00000, 0x0000000714a00000|100%| E|CS|TAMS 0x0000000714800000, 0x0000000714800000| Complete 
| 156|0x0000000714a00000, 0x0000000714c00000, 0x0000000714c00000|100%| E|CS|TAMS 0x0000000714a00000, 0x0000000714a00000| Complete 
| 157|0x0000000714c00000, 0x0000000714e00000, 0x0000000714e00000|100%| E|CS|TAMS 0x0000000714c00000, 0x0000000714c00000| Complete 
| 158|0x0000000714e00000, 0x0000000715000000, 0x0000000715000000|100%| E|CS|TAMS 0x0000000714e00000, 0x0000000714e00000| Complete 
| 159|0x0000000715000000, 0x0000000715200000, 0x0000000715200000|100%| E|CS|TAMS 0x0000000715000000, 0x0000000715000000| Complete 
| 160|0x0000000715200000, 0x0000000715400000, 0x0000000715400000|100%| E|CS|TAMS 0x0000000715200000, 0x0000000715200000| Complete 
| 161|0x0000000715400000, 0x0000000715600000, 0x0000000715600000|100%| E|CS|TAMS 0x0000000715400000, 0x0000000715400000| Complete 
| 162|0x0000000715600000, 0x0000000715800000, 0x0000000715800000|100%| E|CS|TAMS 0x0000000715600000, 0x0000000715600000| Complete 
| 163|0x0000000715800000, 0x0000000715a00000, 0x0000000715a00000|100%| E|CS|TAMS 0x0000000715800000, 0x0000000715800000| Complete 
| 164|0x0000000715a00000, 0x0000000715c00000, 0x0000000715c00000|100%| E|CS|TAMS 0x0000000715a00000, 0x0000000715a00000| Complete 
| 165|0x0000000715c00000, 0x0000000715e00000, 0x0000000715e00000|100%| E|CS|TAMS 0x0000000715c00000, 0x0000000715c00000| Complete 
| 166|0x0000000715e00000, 0x0000000716000000, 0x0000000716000000|100%| E|CS|TAMS 0x0000000715e00000, 0x0000000715e00000| Complete 
| 167|0x0000000716000000, 0x0000000716200000, 0x0000000716200000|100%| E|CS|TAMS 0x0000000716000000, 0x0000000716000000| Complete 
| 168|0x0000000716200000, 0x0000000716400000, 0x0000000716400000|100%| E|CS|TAMS 0x0000000716200000, 0x0000000716200000| Complete 
| 169|0x0000000716400000, 0x0000000716600000, 0x0000000716600000|100%| E|CS|TAMS 0x0000000716400000, 0x0000000716400000| Complete 
| 170|0x0000000716600000, 0x0000000716800000, 0x0000000716800000|100%| E|CS|TAMS 0x0000000716600000, 0x0000000716600000| Complete 
| 171|0x0000000716800000, 0x0000000716a00000, 0x0000000716a00000|100%| E|CS|TAMS 0x0000000716800000, 0x0000000716800000| Complete 
| 172|0x0000000716a00000, 0x0000000716c00000, 0x0000000716c00000|100%| E|  |TAMS 0x0000000716a00000, 0x0000000716a00000| Complete 
| 173|0x0000000716c00000, 0x0000000716e00000, 0x0000000716e00000|100%| E|CS|TAMS 0x0000000716c00000, 0x0000000716c00000| Complete 
| 174|0x0000000716e00000, 0x0000000717000000, 0x0000000717000000|100%| E|CS|TAMS 0x0000000716e00000, 0x0000000716e00000| Complete 
| 175|0x0000000717000000, 0x0000000717200000, 0x0000000717200000|100%| E|CS|TAMS 0x0000000717000000, 0x0000000717000000| Complete 
| 176|0x0000000717200000, 0x0000000717400000, 0x0000000717400000|100%| E|CS|TAMS 0x0000000717200000, 0x0000000717200000| Complete 
| 177|0x0000000717400000, 0x0000000717600000, 0x0000000717600000|100%| E|CS|TAMS 0x0000000717400000, 0x0000000717400000| Complete 
| 178|0x0000000717600000, 0x0000000717800000, 0x0000000717800000|100%| E|CS|TAMS 0x0000000717600000, 0x0000000717600000| Complete 
| 179|0x0000000717800000, 0x0000000717a00000, 0x0000000717a00000|100%| E|CS|TAMS 0x0000000717800000, 0x0000000717800000| Complete 
| 180|0x0000000717a00000, 0x0000000717c00000, 0x0000000717c00000|100%| E|CS|TAMS 0x0000000717a00000, 0x0000000717a00000| Complete 
| 181|0x0000000717c00000, 0x0000000717e00000, 0x0000000717e00000|100%| E|CS|TAMS 0x0000000717c00000, 0x0000000717c00000| Complete 
| 182|0x0000000717e00000, 0x0000000718000000, 0x0000000718000000|100%| E|CS|TAMS 0x0000000717e00000, 0x0000000717e00000| Complete 
| 183|0x0000000718000000, 0x0000000718200000, 0x0000000718200000|100%| E|CS|TAMS 0x0000000718000000, 0x0000000718000000| Complete 
| 184|0x0000000718200000, 0x0000000718400000, 0x0000000718400000|100%| E|CS|TAMS 0x0000000718200000, 0x0000000718200000| Complete 
| 185|0x0000000718400000, 0x0000000718600000, 0x0000000718600000|100%| E|CS|TAMS 0x0000000718400000, 0x0000000718400000| Complete 
| 186|0x0000000718600000, 0x0000000718800000, 0x0000000718800000|100%| E|CS|TAMS 0x0000000718600000, 0x0000000718600000| Complete 
| 187|0x0000000718800000, 0x0000000718a00000, 0x0000000718a00000|100%| E|CS|TAMS 0x0000000718800000, 0x0000000718800000| Complete 
| 188|0x0000000718a00000, 0x0000000718c00000, 0x0000000718c00000|100%| E|CS|TAMS 0x0000000718a00000, 0x0000000718a00000| Complete 
| 189|0x0000000718c00000, 0x0000000718e00000, 0x0000000718e00000|100%| E|CS|TAMS 0x0000000718c00000, 0x0000000718c00000| Complete 
| 190|0x0000000718e00000, 0x0000000719000000, 0x0000000719000000|100%| E|CS|TAMS 0x0000000718e00000, 0x0000000718e00000| Complete 
| 191|0x0000000719000000, 0x0000000719200000, 0x0000000719200000|100%| E|CS|TAMS 0x0000000719000000, 0x0000000719000000| Complete 
| 192|0x0000000719200000, 0x0000000719400000, 0x0000000719400000|100%| E|CS|TAMS 0x0000000719200000, 0x0000000719200000| Complete 
| 193|0x0000000719400000, 0x0000000719600000, 0x0000000719600000|100%| E|CS|TAMS 0x0000000719400000, 0x0000000719400000| Complete 
| 194|0x0000000719600000, 0x0000000719800000, 0x0000000719800000|100%| E|CS|TAMS 0x0000000719600000, 0x0000000719600000| Complete 
| 195|0x0000000719800000, 0x0000000719a00000, 0x0000000719a00000|100%| E|CS|TAMS 0x0000000719800000, 0x0000000719800000| Complete 
| 196|0x0000000719a00000, 0x0000000719c00000, 0x0000000719c00000|100%| E|CS|TAMS 0x0000000719a00000, 0x0000000719a00000| Complete 
| 197|0x0000000719c00000, 0x0000000719e00000, 0x0000000719e00000|100%| E|CS|TAMS 0x0000000719c00000, 0x0000000719c00000| Complete 
| 198|0x0000000719e00000, 0x000000071a000000, 0x000000071a000000|100%| E|CS|TAMS 0x0000000719e00000, 0x0000000719e00000| Complete 
| 199|0x000000071a000000, 0x000000071a200000, 0x000000071a200000|100%| E|CS|TAMS 0x000000071a000000, 0x000000071a000000| Complete 
| 200|0x000000071a200000, 0x000000071a400000, 0x000000071a400000|100%| E|CS|TAMS 0x000000071a200000, 0x000000071a200000| Complete 
| 201|0x000000071a400000, 0x000000071a600000, 0x000000071a600000|100%| E|CS|TAMS 0x000000071a400000, 0x000000071a400000| Complete 
| 202|0x000000071a600000, 0x000000071a800000, 0x000000071a800000|100%| E|CS|TAMS 0x000000071a600000, 0x000000071a600000| Complete 
| 203|0x000000071a800000, 0x000000071aa00000, 0x000000071aa00000|100%| E|CS|TAMS 0x000000071a800000, 0x000000071a800000| Complete 
| 204|0x000000071aa00000, 0x000000071ac00000, 0x000000071ac00000|100%| E|CS|TAMS 0x000000071aa00000, 0x000000071aa00000| Complete 
| 205|0x000000071ac00000, 0x000000071ae00000, 0x000000071ae00000|100%| E|CS|TAMS 0x000000071ac00000, 0x000000071ac00000| Complete 

Card table byte_map: [0x00000165d5310000,0x00000165d5b10000] _byte_map_base: 0x00000165d1b07000

Marking Bits (Prev, Next): (CMBitMap*) 0x00000165bdd05900, (CMBitMap*) 0x00000165bdd05940
 Prev Bits: [0x00000165d6310000, 0x00000165da2c8000)
 Next Bits: [0x00000165da2d0000, 0x00000165de288000)

Polling page: 0x00000165bbbe0000

Metaspace:

Usage:
  Non-class:     11.52 MB used.
      Class:      1.27 MB used.
       Both:     12.79 MB used.

Virtual space:
  Non-class space:       64.00 MB reserved,      11.62 MB ( 18%) committed,  1 nodes.
      Class space:        1.00 GB reserved,       1.38 MB ( <1%) committed,  1 nodes.
             Both:        1.06 GB reserved,      13.00 MB (  1%) committed. 

Chunk freelists:
   Non-Class:  224.00 KB
       Class:  2.57 MB
        Both:  2.79 MB

MaxMetaspaceSize: unlimited
CompressedClassSpaceSize: 1.00 GB
Initial GC threshold: 21.00 MB
Current GC threshold: 21.56 MB
CDS: on
MetaspaceReclaimPolicy: balanced
 - commit_granule_bytes: 65536.
 - commit_granule_words: 8192.
 - virtual_space_node_default_size: 8388608.
 - enlarge_chunks_in_place: 1.
 - new_chunks_are_fully_committed: 0.
 - uncommit_free_chunks: 1.
 - use_allocation_guard: 0.


Internal statistics:

num_allocs_failed_limit: 0.
num_arena_births: 208.
num_arena_deaths: 0.
num_vsnodes_births: 2.
num_vsnodes_deaths: 0.
num_space_committed: 208.
num_space_uncommitted: 0.
num_chunks_returned_to_freelist: 0.
num_chunks_taken_from_freelist: 324.
num_chunk_merges: 0.
num_chunk_splits: 197.
num_chunks_enlarged: 109.
num_inconsistent_stats: 0.

CodeHeap 'non-profiled nmethods': size=120000Kb used=2372Kb max_used=2769Kb free=117627Kb
 bounds [0x00000165cd090000, 0x00000165cd350000, 0x00000165d45c0000]
CodeHeap 'profiled nmethods': size=120000Kb used=3923Kb max_used=6382Kb free=116076Kb
 bounds [0x00000165c5b60000, 0x00000165c61a0000, 0x00000165cd090000]
CodeHeap 'non-nmethods': size=5760Kb used=1334Kb max_used=1398Kb free=4425Kb
 bounds [0x00000165c55c0000, 0x00000165c5830000, 0x00000165c5b60000]
 total_blobs=3268 nmethods=2603 adapters=577
 compilation: enabled
              stopped_count=0, restarted_count=0
 full_count=0

Compilation events (20 events):
Event: 127.736 Thread 0x00000165e0eae190 nmethod 3377 0x00000165cd26b810 code [0x00000165cd26b9c0, 0x00000165cd26bcf8]
Event: 130.019 Thread 0x00000165e0eae190 3378   !   4       javazoom.jl.player.advanced.AdvancedPlayer::decodeFrame (108 bytes)
Event: 130.114 Thread 0x00000165e0eae190 nmethod 3378 0x00000165cd203710 code [0x00000165cd2039c0, 0x00000165cd205398]
Event: 130.114 Thread 0x00000165e0eae190 3379   !   4       javazoom.jl.decoder.Bitstream::readFrame (100 bytes)
Event: 130.117 Thread 0x00000165e0eae190 nmethod 3379 0x00000165cd1bf810 code [0x00000165cd1bf9e0, 0x00000165cd1bfc00]
Event: 130.153 Thread 0x00000165e0eae190 3380       4       javazoom.jl.decoder.Header::calculate_framesize (283 bytes)
Event: 130.158 Thread 0x00000165e0eae190 nmethod 3380 0x00000165cd0a8b90 code [0x00000165cd0a8d20, 0x00000165cd0a8ff8]
Event: 133.187 Thread 0x00000165e0eae190 3381       4       javazoom.jl.decoder.Bitstream::syncHeader (124 bytes)
Event: 133.205 Thread 0x00000165e0eae190 nmethod 3381 0x00000165cd0c8a10 code [0x00000165cd0c8be0, 0x00000165cd0c9150]
Event: 133.205 Thread 0x00000165e0eae190 3382       4       javazoom.jl.decoder.Bitstream::read_frame_data (30 bytes)
Event: 133.208 Thread 0x00000165e0eae190 nmethod 3382 0x00000165cd1b1e10 code [0x00000165cd1b1fa0, 0x00000165cd1b2198]
Event: 133.314 Thread 0x00000165e0eae190 3383       4       java.io.PushbackInputStream::unread (47 bytes)
Event: 133.317 Thread 0x00000165e0eae190 nmethod 3383 0x00000165cd1cfd10 code [0x00000165cd1cfea0, 0x00000165cd1d0058]
Event: 138.526 Thread 0x00000165e0eb0b80 3384   !   3       sun.java2d.SurfaceDataProxy::replaceData (329 bytes)
Event: 138.620 Thread 0x00000165e0eb0b80 nmethod 3384 0x00000165c603d610 code [0x00000165c603d940, 0x00000165c603f5a8]
Event: 138.882 Thread 0x00000165e0eb0b80 3385       3       sun.java2d.d3d.D3DSurfaceData::<init> (242 bytes)
Event: 138.899 Thread 0x00000165e0eb0b80 nmethod 3385 0x00000165c5bb0e10 code [0x00000165c5bb1100, 0x00000165c5bb2558]
Event: 138.926 Thread 0x00000165e0eb0b80 3386       3       sun.java2d.pipe.DrawImage::transformImage (124 bytes)
Event: 138.932 Thread 0x00000165e0eb0b80 nmethod 3386 0x00000165c5b82010 code [0x00000165c5b82220, 0x00000165c5b82828]
Event: 139.082 Thread 0x00000165e0eae190 3387   !   4       sun.java2d.SurfaceDataProxy::replaceData (329 bytes)

GC Heap History (20 events):
Event: 17.981 GC heap before
{Heap before GC invocations=7 (full 0):
 garbage-first heap   total 270336K, used 230492K [0x0000000701200000, 0x0000000800000000)
  region size 2048K, 41 young (83968K), 2 survivors (4096K)
 Metaspace       used 12997K, committed 13248K, reserved 1114112K
  class space    used 1301K, committed 1408K, reserved 1048576K
}
Event: 17.983 GC heap after
{Heap after GC invocations=8 (full 0):
 garbage-first heap   total 270336K, used 153448K [0x0000000701200000, 0x0000000800000000)
  region size 2048K, 3 young (6144K), 3 survivors (6144K)
 Metaspace       used 12997K, committed 13248K, reserved 1114112K
  class space    used 1301K, committed 1408K, reserved 1048576K
}
Event: 20.855 GC heap before
{Heap before GC invocations=9 (full 0):
 garbage-first heap   total 270336K, used 229224K [0x0000000701200000, 0x0000000800000000)
  region size 2048K, 41 young (83968K), 3 survivors (6144K)
 Metaspace       used 12998K, committed 13248K, reserved 1114112K
  class space    used 1301K, committed 1408K, reserved 1048576K
}
Event: 20.858 GC heap after
{Heap after GC invocations=10 (full 0):
 garbage-first heap   total 270336K, used 153978K [0x0000000701200000, 0x0000000800000000)
  region size 2048K, 3 young (6144K), 3 survivors (6144K)
 Metaspace       used 12998K, committed 13248K, reserved 1114112K
  class space    used 1301K, committed 1408K, reserved 1048576K
}
Event: 24.245 GC heap before
{Heap before GC invocations=10 (full 0):
 garbage-first heap   total 270336K, used 231802K [0x0000000701200000, 0x0000000800000000)
  region size 2048K, 42 young (86016K), 3 survivors (6144K)
 Metaspace       used 13017K, committed 13248K, reserved 1114112K
  class space    used 1301K, committed 1408K, reserved 1048576K
}
Event: 24.248 GC heap after
{Heap after GC invocations=11 (full 0):
 garbage-first heap   total 270336K, used 154704K [0x0000000701200000, 0x0000000800000000)
  region size 2048K, 3 young (6144K), 3 survivors (6144K)
 Metaspace       used 13017K, committed 13248K, reserved 1114112K
  class space    used 1301K, committed 1408K, reserved 1048576K
}
Event: 26.223 GC heap before
{Heap before GC invocations=12 (full 0):
 garbage-first heap   total 270336K, used 232528K [0x0000000701200000, 0x0000000800000000)
  region size 2048K, 42 young (86016K), 3 survivors (6144K)
 Metaspace       used 13017K, committed 13248K, reserved 1114112K
  class space    used 1301K, committed 1408K, reserved 1048576K
}
Event: 26.226 GC heap after
{Heap after GC invocations=13 (full 0):
 garbage-first heap   total 270336K, used 154988K [0x0000000701200000, 0x0000000800000000)
  region size 2048K, 3 young (6144K), 3 survivors (6144K)
 Metaspace       used 13017K, committed 13248K, reserved 1114112K
  class space    used 1301K, committed 1408K, reserved 1048576K
}
Event: 29.251 GC heap before
{Heap before GC invocations=13 (full 0):
 garbage-first heap   total 270336K, used 232812K [0x0000000701200000, 0x0000000800000000)
  region size 2048K, 42 young (86016K), 3 survivors (6144K)
 Metaspace       used 13017K, committed 13248K, reserved 1114112K
  class space    used 1301K, committed 1408K, reserved 1048576K
}
Event: 29.254 GC heap after
{Heap after GC invocations=14 (full 0):
 garbage-first heap   total 270336K, used 155953K [0x0000000701200000, 0x0000000800000000)
  region size 2048K, 4 young (8192K), 4 survivors (8192K)
 Metaspace       used 13017K, committed 13248K, reserved 1114112K
  class space    used 1301K, committed 1408K, reserved 1048576K
}
Event: 32.320 GC heap before
{Heap before GC invocations=15 (full 0):
 garbage-first heap   total 270336K, used 229681K [0x0000000701200000, 0x0000000800000000)
  region size 2048K, 41 young (83968K), 4 survivors (8192K)
 Metaspace       used 13033K, committed 13312K, reserved 1114112K
  class space    used 1301K, committed 1408K, reserved 1048576K
}
Event: 32.324 GC heap after
{Heap after GC invocations=16 (full 0):
 garbage-first heap   total 421888K, used 156571K [0x0000000701200000, 0x0000000800000000)
  region size 2048K, 4 young (8192K), 4 survivors (8192K)
 Metaspace       used 13033K, committed 13312K, reserved 1114112K
  class space    used 1301K, committed 1408K, reserved 1048576K
}
Event: 41.917 GC heap before
{Heap before GC invocations=16 (full 0):
 garbage-first heap   total 421888K, used 365467K [0x0000000701200000, 0x0000000800000000)
  region size 2048K, 107 young (219136K), 4 survivors (8192K)
 Metaspace       used 13044K, committed 13312K, reserved 1114112K
  class space    used 1301K, committed 1408K, reserved 1048576K
}
Event: 41.922 GC heap after
{Heap after GC invocations=17 (full 0):
 garbage-first heap   total 421888K, used 158803K [0x0000000701200000, 0x0000000800000000)
  region size 2048K, 5 young (10240K), 5 survivors (10240K)
 Metaspace       used 13044K, committed 13312K, reserved 1114112K
  class space    used 1301K, committed 1408K, reserved 1048576K
}
Event: 51.265 GC heap before
{Heap before GC invocations=17 (full 0):
 garbage-first heap   total 421888K, used 361555K [0x0000000701200000, 0x0000000800000000)
  region size 2048K, 105 young (215040K), 5 survivors (10240K)
 Metaspace       used 13048K, committed 13312K, reserved 1114112K
  class space    used 1301K, committed 1408K, reserved 1048576K
}
Event: 51.269 GC heap after
{Heap after GC invocations=18 (full 0):
 garbage-first heap   total 421888K, used 160883K [0x0000000701200000, 0x0000000800000000)
  region size 2048K, 6 young (12288K), 6 survivors (12288K)
 Metaspace       used 13048K, committed 13312K, reserved 1114112K
  class space    used 1301K, committed 1408K, reserved 1048576K
}
Event: 56.564 GC heap before
{Heap before GC invocations=18 (full 0):
 garbage-first heap   total 421888K, used 361587K [0x0000000701200000, 0x0000000800000000)
  region size 2048K, 105 young (215040K), 6 survivors (12288K)
 Metaspace       used 13065K, committed 13312K, reserved 1114112K
  class space    used 1301K, committed 1408K, reserved 1048576K
}
Event: 56.568 GC heap after
{Heap after GC invocations=19 (full 0):
 garbage-first heap   total 421888K, used 161840K [0x0000000701200000, 0x0000000800000000)
  region size 2048K, 6 young (12288K), 6 survivors (12288K)
 Metaspace       used 13065K, committed 13312K, reserved 1114112K
  class space    used 1301K, committed 1408K, reserved 1048576K
}
Event: 61.855 GC heap before
{Heap before GC invocations=19 (full 0):
 garbage-first heap   total 421888K, used 370736K [0x0000000701200000, 0x0000000800000000)
  region size 2048K, 105 young (215040K), 6 survivors (12288K)
 Metaspace       used 13065K, committed 13312K, reserved 1114112K
  class space    used 1301K, committed 1408K, reserved 1048576K
}
Event: 61.860 GC heap after
{Heap after GC invocations=20 (full 0):
 garbage-first heap   total 421888K, used 166804K [0x0000000701200000, 0x0000000800000000)
  region size 2048K, 7 young (14336K), 7 survivors (14336K)
 Metaspace       used 13065K, committed 13312K, reserved 1114112K
  class space    used 1301K, committed 1408K, reserved 1048576K
}

Deoptimization events (20 events):
Event: 94.278 Thread 0x00000165e6858220 DEOPT PACKING pc=0x00000165cd20ee2c sp=0x0000003582afe2f0
Event: 94.278 Thread 0x00000165e6858220 DEOPT UNPACKING pc=0x00000165c56123a3 sp=0x0000003582afe298 mode 2
Event: 111.743 Thread 0x00000165e6857880 Uncommon trap: trap_request=0xffffff45 fr.pc=0x00000165cd26de28 relative=0x0000000000000088
Event: 111.744 Thread 0x00000165e6857880 Uncommon trap: reason=unstable_if action=reinterpret pc=0x00000165cd26de28 method=sun.java2d.d3d.D3DSurfaceData$D3DWindowSurfaceData.isDirty()Z @ 9 c2
Event: 111.747 Thread 0x00000165e6857880 DEOPT PACKING pc=0x00000165cd26de28 sp=0x0000003582bff030
Event: 111.751 Thread 0x00000165e6857880 DEOPT UNPACKING pc=0x00000165c56123a3 sp=0x0000003582bfefc0 mode 2
Event: 111.907 Thread 0x00000165e6858220 DEOPT PACKING pc=0x00000165c619ac74 sp=0x0000003582afdf90
Event: 111.907 Thread 0x00000165e6858220 DEOPT UNPACKING pc=0x00000165c5612b43 sp=0x0000003582afd440 mode 0
Event: 138.435 Thread 0x00000165e6858220 Uncommon trap: trap_request=0xffffff45 fr.pc=0x00000165cd290c08 relative=0x0000000000001788
Event: 138.436 Thread 0x00000165e6858220 Uncommon trap: reason=unstable_if action=reinterpret pc=0x00000165cd290c08 method=sun.java2d.d3d.D3DSurfaceData.initSurface()V @ 53 c2
Event: 138.437 Thread 0x00000165e6858220 DEOPT PACKING pc=0x00000165cd290c08 sp=0x0000003582afe870
Event: 138.438 Thread 0x00000165e6858220 DEOPT UNPACKING pc=0x00000165c56123a3 sp=0x0000003582afe788 mode 2
Event: 138.448 Thread 0x00000165e6858220 Uncommon trap: trap_request=0xffffff45 fr.pc=0x00000165cd174ee4 relative=0x0000000000000ca4
Event: 138.448 Thread 0x00000165e6858220 Uncommon trap: reason=unstable_if action=reinterpret pc=0x00000165cd174ee4 method=sun.java2d.SurfaceDataProxy.replaceData(Lsun/java2d/SurfaceData;ILsun/java2d/loops/CompositeType;Ljava/awt/Color;)Lsun/java2d/SurfaceData; @ 198 c2
Event: 138.449 Thread 0x00000165e6858220 DEOPT PACKING pc=0x00000165cd174ee4 sp=0x0000003582afe950
Event: 138.449 Thread 0x00000165e6858220 DEOPT UNPACKING pc=0x00000165c56123a3 sp=0x0000003582afe8d8 mode 2
Event: 138.465 Thread 0x00000165e6858220 Uncommon trap: trap_request=0xffffff45 fr.pc=0x00000165cd265434 relative=0x0000000000000994
Event: 138.465 Thread 0x00000165e6858220 Uncommon trap: reason=unstable_if action=reinterpret pc=0x00000165cd265434 method=sun.java2d.pipe.DrawImage.tryCopyOrScale(Lsun/java2d/SunGraphics2D;Ljava/awt/Image;IIIILjava/awt/Color;I[D)Z @ 253 c2
Event: 138.466 Thread 0x00000165e6858220 DEOPT PACKING pc=0x00000165cd265434 sp=0x0000003582afea60
Event: 138.466 Thread 0x00000165e6858220 DEOPT UNPACKING pc=0x00000165c56123a3 sp=0x0000003582afe930 mode 2

Classes loaded (20 events):
Event: 4.393 Loading class java/awt/image/BufferedImageOp
Event: 4.393 Loading class java/awt/image/BufferedImageOp done
Event: 4.567 Loading class sun/awt/DebugSettings
Event: 4.567 Loading class sun/awt/DebugSettings done
Event: 4.568 Loading class javax/swing/JComponent$KeyboardState
Event: 4.568 Loading class javax/swing/JComponent$KeyboardState done
Event: 4.568 Loading class javax/swing/JComponent$IntVector
Event: 4.568 Loading class javax/swing/JComponent$IntVector done
Event: 4.568 Loading class javax/swing/KeyboardManager
Event: 4.568 Loading class javax/swing/KeyboardManager done
Event: 4.568 Loading class javax/swing/Popup$HeavyWeightWindow
Event: 4.568 Loading class sun/awt/ModalExclude
Event: 4.568 Loading class sun/awt/ModalExclude done
Event: 4.568 Loading class javax/swing/JWindow
Event: 4.568 Loading class javax/swing/JWindow done
Event: 4.568 Loading class javax/swing/Popup$HeavyWeightWindow done
Event: 19.354 Loading class java/security/DomainCombiner
Event: 19.354 Loading class java/security/DomainCombiner done
Event: 138.451 Loading class sun/java2d/SurfaceDataProxy$CountdownTracker
Event: 138.465 Loading class sun/java2d/SurfaceDataProxy$CountdownTracker done

Classes unloaded (0 events):
No events

Classes redefined (0 events):
No events

Internal exceptions (20 events):
Event: 0.310 Thread 0x00000165bdc91a60 Exception <a 'java/lang/ClassNotFoundException'{0x0000000710dcefe0}: sun/awt/resources/spi/awtProvider> (0x0000000710dcefe0) 
thrown [t:\workspace\open\src\hotspot\share\classfile\systemDictionary.cpp, line 255]
Event: 0.327 Thread 0x00000165bdc91a60 Exception <a 'java/io/FileNotFoundException'{0x0000000710a16f20}> (0x0000000710a16f20) 
thrown [t:\workspace\open\src\hotspot\share\prims\jni.cpp, line 516]
Event: 0.333 Thread 0x00000165bdc91a60 Exception <a 'java/io/FileNotFoundException'{0x0000000710a43de8}> (0x0000000710a43de8) 
thrown [t:\workspace\open\src\hotspot\share\prims\jni.cpp, line 516]
Event: 0.353 Thread 0x00000165bdc91a60 Exception <a 'java/lang/NoSuchMethodError'{0x0000000710a79cf8}: 'java.lang.Object java.lang.invoke.DirectMethodHandle$Holder.invokeStaticInit(java.lang.Object)'> (0x0000000710a79cf8) 
thrown [t:\workspace\open\src\hotspot\share\interpreter\linkResolver.cpp, line 766]
Event: 0.700 Thread 0x00000165bdc91a60 Exception <a 'java/lang/NoSuchMethodError'{0x000000070f598da8}: 'java.lang.Object java.lang.invoke.DirectMethodHandle$Holder.invokeSpecial(java.lang.Object, java.lang.Object, java.lang.Object, java.lang.Object, int)'> (0x000000070f598da8) 
thrown [t:\workspace\open\src\hotspot\share\interpreter\linkResolver.cpp, line 766]
Event: 0.701 Thread 0x00000165bdc91a60 Exception <a 'java/lang/NoSuchMethodError'{0x000000070f59c6c8}: 'java.lang.Object java.lang.invoke.Invokers$Holder.linkToTargetMethod(java.lang.Object, java.lang.Object, int, java.lang.Object)'> (0x000000070f59c6c8) 
thrown [t:\workspace\open\src\hotspot\share\interpreter\linkResolver.cpp, line 766]
Event: 1.324 Thread 0x00000165e0eabc60 Exception <a 'java/lang/NoSuchMethodError'{0x000000070f37bdc0}: 'java.lang.Object java.lang.invoke.Invokers$Holder.invokeExact_MT(java.lang.Object, java.lang.Object, java.lang.Object, java.lang.Object, java.lang.Object, java.lang.Object)'> (0x000000070f37bdc0) 
thrown [t:\workspace\open\src\hotspot\share\interpreter\linkResolver.cpp, line 766]
Event: 1.453 Thread 0x00000165bdc91a60 Exception <a 'java/lang/NoSuchMethodError'{0x000000070f289a98}: 'void java.lang.invoke.DirectMethodHandle$Holder.invokeSpecial(java.lang.Object, java.lang.Object, java.lang.Object)'> (0x000000070f289a98) 
thrown [t:\workspace\open\src\hotspot\share\interpreter\linkResolver.cpp, line 766]
Event: 1.464 Thread 0x00000165bdc91a60 Exception <a 'java/lang/NoSuchMethodError'{0x000000070f2b4400}: 'java.lang.Object java.lang.invoke.DirectMethodHandle$Holder.newInvokeSpecial(java.lang.Object, java.lang.Object, java.lang.Object, java.lang.Object, java.lang.Object)'> (0x000000070f2b4400) 
thrown [t:\workspace\open\src\hotspot\share\interpreter\linkResolver.cpp, line 766]
Event: 1.471 Thread 0x00000165bdc91a60 Exception <a 'java/lang/NoSuchMethodError'{0x000000070f3d48b0}: 'java.lang.Object java.lang.invoke.DirectMethodHandle$Holder.invokeStatic(java.lang.Object, int, java.lang.Object)'> (0x000000070f3d48b0) 
thrown [t:\workspace\open\src\hotspot\share\interpreter\linkResolver.cpp, line 766]
Event: 1.510 Thread 0x00000165bdc91a60 Exception <a 'java/lang/ClassNotFoundException'{0x000000070f0939a0}: com/sun/swing/internal/plaf/metal/resources/spi/metalProvider> (0x000000070f0939a0) 
thrown [t:\workspace\open\src\hotspot\share\classfile\systemDictionary.cpp, line 255]
Event: 1.511 Thread 0x00000165bdc91a60 Exception <a 'java/lang/ClassNotFoundException'{0x000000070f097730}: com/sun/swing/internal/plaf/basic/resources/spi/basicProvider> (0x000000070f097730) 
thrown [t:\workspace\open\src\hotspot\share\classfile\systemDictionary.cpp, line 255]
Event: 1.661 Thread 0x00000165bdc91a60 Implicit null exception at 0x00000165cd0ee8c0 to 0x00000165cd0ef27c
Event: 1.663 Thread 0x00000165bdc91a60 Exception <a 'java/lang/NoSuchMethodError'{0x000000070f0c7920}: 'int java.lang.invoke.Invokers$Holder.invokeExact_MT(java.lang.Object, java.lang.Object)'> (0x000000070f0c7920) 
thrown [t:\workspace\open\src\hotspot\share\interpreter\linkResolver.cpp, line 766]
Event: 1.721 Thread 0x00000165e59d15a0 Exception <a 'java/lang/NoSuchMethodError'{0x000000070f2c8540}: 'void java.lang.invoke.DirectMethodHandle$Holder.invokeVirtual(java.lang.Object, java.lang.Object)'> (0x000000070f2c8540) 
thrown [t:\workspace\open\src\hotspot\share\interpreter\linkResolver.cpp, line 766]
Event: 1.736 Thread 0x00000165bdc91a60 Exception <a 'java/lang/NoSuchMethodError'{0x000000070f1d3bc0}: 'void java.lang.invoke.DirectMethodHandle$Holder.invokeStaticInit(java.lang.Object)'> (0x000000070f1d3bc0) 
thrown [t:\workspace\open\src\hotspot\share\interpreter\linkResolver.cpp, line 766]
Event: 1.777 Thread 0x00000165bdc91a60 Exception <a 'java/lang/NoSuchMethodError'{0x000000070ee12970}: 'java.lang.Object java.lang.invoke.DirectMethodHandle$Holder.newInvokeSpecial(java.lang.Object, java.lang.Object, java.lang.Object, int, int, int, int, int)'> (0x000000070ee12970) 
thrown [t:\workspace\open\src\hotspot\share\interpreter\linkResolver.cpp, line 766]
Event: 13.040 Thread 0x00000165e6858220 Implicit null exception at 0x00000165cd217a71 to 0x00000165cd218a00
Event: 59.194 Thread 0x00000165e6858220 Implicit null exception at 0x00000165cd1da9e9 to 0x00000165cd1dc57c
Event: 64.469 Thread 0x00000165e68573b0 Implicit null exception at 0x00000165cd2fc1b7 to 0x00000165cd2fc6e8

VM Operations (20 events):
Event: 74.865 Executing VM operation: Cleanup
Event: 74.865 Executing VM operation: Cleanup done
Event: 76.871 Executing VM operation: Cleanup
Event: 76.871 Executing VM operation: Cleanup done
Event: 78.871 Executing VM operation: Cleanup
Event: 78.872 Executing VM operation: Cleanup done
Event: 80.872 Executing VM operation: Cleanup
Event: 80.872 Executing VM operation: Cleanup done
Event: 84.874 Executing VM operation: Cleanup
Event: 84.874 Executing VM operation: Cleanup done
Event: 85.232 Executing VM operation: HandshakeAllThreads
Event: 85.232 Executing VM operation: HandshakeAllThreads done
Event: 85.682 Executing VM operation: HandshakeAllThreads
Event: 85.682 Executing VM operation: HandshakeAllThreads done
Event: 86.682 Executing VM operation: Cleanup
Event: 86.683 Executing VM operation: Cleanup done
Event: 88.426 Executing VM operation: HandshakeAllThreads
Event: 88.426 Executing VM operation: HandshakeAllThreads done
Event: 124.448 Executing VM operation: Cleanup
Event: 124.449 Executing VM operation: Cleanup done

Events (20 events):
Event: 88.429 Thread 0x00000165e0eb9570 flushing nmethod 0x00000165c60d6810
Event: 88.429 Thread 0x00000165e0eb9570 flushing nmethod 0x00000165c60d6b90
Event: 88.429 Thread 0x00000165e0eb9570 flushing nmethod 0x00000165c60da510
Event: 88.429 Thread 0x00000165e0eb9570 flushing nmethod 0x00000165c60dc110
Event: 88.429 Thread 0x00000165e0eb9570 flushing nmethod 0x00000165c60e3b10
Event: 88.429 Thread 0x00000165e0eb9570 flushing nmethod 0x00000165c6107390
Event: 88.429 Thread 0x00000165e0eb9570 flushing nmethod 0x00000165c6114290
Event: 88.429 Thread 0x00000165e0eb9570 flushing nmethod 0x00000165c612ad90
Event: 88.429 Thread 0x00000165e0eb9570 flushing nmethod 0x00000165c613ed90
Event: 88.429 Thread 0x00000165e0eb9570 flushing nmethod 0x00000165c6140410
Event: 88.429 Thread 0x00000165e0eb9570 flushing nmethod 0x00000165c6164790
Event: 88.429 Thread 0x00000165e0eb9570 flushing nmethod 0x00000165c6165e10
Event: 88.429 Thread 0x00000165e0eb9570 flushing nmethod 0x00000165c6167790
Event: 88.429 Thread 0x00000165e0eb9570 flushing nmethod 0x00000165c616f290
Event: 88.429 Thread 0x00000165e0eb9570 flushing nmethod 0x00000165c6173c10
Event: 88.429 Thread 0x00000165e0eb9570 flushing nmethod 0x00000165c6175890
Event: 88.429 Thread 0x00000165e0eb9570 flushing nmethod 0x00000165c617a890
Event: 88.429 Thread 0x00000165e0eb9570 flushing nmethod 0x00000165c617c490
Event: 88.429 Thread 0x00000165e0eb9570 flushing nmethod 0x00000165c617d490
Event: 88.429 Thread 0x00000165e0eb9570 flushing nmethod 0x00000165c6180290


Dynamic libraries:
0x00007ff603150000 - 0x00007ff60315e000 	C:\Users\netma\.jdks\openjdk-18\bin\java.exe
0x00007ff9c0de0000 - 0x00007ff9c0fe9000 	C:\WINDOWS\SYSTEM32\ntdll.dll
0x00007ff9bf2e0000 - 0x00007ff9bf39d000 	C:\WINDOWS\System32\KERNEL32.DLL
0x00007ff9be550000 - 0x00007ff9be8c4000 	C:\WINDOWS\System32\KERNELBASE.dll
0x00007ff9be990000 - 0x00007ff9beaa1000 	C:\WINDOWS\System32\ucrtbase.dll
0x00007ff9ace90000 - 0x00007ff9acea7000 	C:\Users\netma\.jdks\openjdk-18\bin\jli.dll
0x00007ff9ace70000 - 0x00007ff9ace8a000 	C:\Users\netma\.jdks\openjdk-18\bin\VCRUNTIME140.dll
0x00007ff9bfae0000 - 0x00007ff9bfc8c000 	C:\WINDOWS\System32\USER32.dll
0x00007ff9bec50000 - 0x00007ff9bec76000 	C:\WINDOWS\System32\win32u.dll
0x00007ff9a39a0000 - 0x00007ff9a3c45000 	C:\WINDOWS\WinSxS\amd64_microsoft.windows.common-controls_6595b64144ccf1df_6.0.22000.120_none_9d947278b86cc467\COMCTL32.dll
0x00007ff9bfa90000 - 0x00007ff9bfab9000 	C:\WINDOWS\System32\GDI32.dll
0x00007ff9c0740000 - 0x00007ff9c07e3000 	C:\WINDOWS\System32\msvcrt.dll
0x00007ff9beab0000 - 0x00007ff9bebc2000 	C:\WINDOWS\System32\gdi32full.dll
0x00007ff9be2d0000 - 0x00007ff9be36d000 	C:\WINDOWS\System32\msvcp_win.dll
0x00007ff9bf770000 - 0x00007ff9bf7a1000 	C:\WINDOWS\System32\IMM32.DLL
0x00007ff9b9c80000 - 0x00007ff9b9c8c000 	C:\Users\netma\.jdks\openjdk-18\bin\vcruntime140_1.dll
0x00007ff9a9a00000 - 0x00007ff9a9a8d000 	C:\Users\netma\.jdks\openjdk-18\bin\msvcp140.dll
0x00007ff936420000 - 0x00007ff937031000 	C:\Users\netma\.jdks\openjdk-18\bin\server\jvm.dll
0x00007ff9bf400000 - 0x00007ff9bf4ae000 	C:\WINDOWS\System32\ADVAPI32.dll
0x00007ff9c0d00000 - 0x00007ff9c0d9e000 	C:\WINDOWS\System32\sechost.dll
0x00007ff9bfc90000 - 0x00007ff9bfdb0000 	C:\WINDOWS\System32\RPCRT4.dll
0x00007ff9bee60000 - 0x00007ff9bee68000 	C:\WINDOWS\System32\PSAPI.DLL
0x00007ff9a5e80000 - 0x00007ff9a5e89000 	C:\WINDOWS\SYSTEM32\WSOCK32.dll
0x00007ff9ba290000 - 0x00007ff9ba2c3000 	C:\WINDOWS\SYSTEM32\WINMM.dll
0x00007ff9b9460000 - 0x00007ff9b946a000 	C:\WINDOWS\SYSTEM32\VERSION.dll
0x00007ff9bfdb0000 - 0x00007ff9bfe1f000 	C:\WINDOWS\System32\WS2_32.dll
0x00007ff9bd4c0000 - 0x00007ff9bd4d8000 	C:\WINDOWS\SYSTEM32\kernel.appcore.dll
0x00007ff9b8f90000 - 0x00007ff9b8f9a000 	C:\Users\netma\.jdks\openjdk-18\bin\jimage.dll
0x00007ff9bb5e0000 - 0x00007ff9bb801000 	C:\WINDOWS\SYSTEM32\DBGHELP.DLL
0x00007ff9ac560000 - 0x00007ff9ac591000 	C:\WINDOWS\SYSTEM32\dbgcore.DLL
0x00007ff9bebd0000 - 0x00007ff9bec4f000 	C:\WINDOWS\System32\bcryptPrimitives.dll
0x00007ff9b8f70000 - 0x00007ff9b8f7e000 	C:\Users\netma\.jdks\openjdk-18\bin\instrument.dll
0x00007ff9a99d0000 - 0x00007ff9a99f5000 	C:\Users\netma\.jdks\openjdk-18\bin\java.dll
0x00007ff99d690000 - 0x00007ff99d766000 	C:\Users\netma\.jdks\openjdk-18\bin\jsvml.dll
0x00007ff9bfe90000 - 0x00007ff9c063e000 	C:\WINDOWS\System32\SHELL32.dll
0x00007ff9bc450000 - 0x00007ff9bccb8000 	C:\WINDOWS\SYSTEM32\windows.storage.dll
0x00007ff9c07f0000 - 0x00007ff9c0b68000 	C:\WINDOWS\System32\combase.dll
0x00007ff9bc2e0000 - 0x00007ff9bc446000 	C:\WINDOWS\SYSTEM32\wintypes.dll
0x00007ff9bed10000 - 0x00007ff9bedfa000 	C:\WINDOWS\System32\SHCORE.dll
0x00007ff9bee00000 - 0x00007ff9bee5d000 	C:\WINDOWS\System32\shlwapi.dll
0x00007ff9be200000 - 0x00007ff9be221000 	C:\WINDOWS\SYSTEM32\profapi.dll
0x00007ff99d670000 - 0x00007ff99d688000 	C:\Users\netma\.jdks\openjdk-18\bin\zip.dll
0x00007ff9a99b0000 - 0x00007ff9a99c3000 	C:\Users\netma\.jdks\openjdk-18\bin\net.dll
0x00007ff9b9970000 - 0x00007ff9b9a7c000 	C:\WINDOWS\SYSTEM32\WINHTTP.dll
0x00007ff9bd8f0000 - 0x00007ff9bd957000 	C:\WINDOWS\system32\mswsock.dll
0x00007ff99d650000 - 0x00007ff99d666000 	C:\Users\netma\.jdks\openjdk-18\bin\nio.dll
0x00007ff99d5c0000 - 0x00007ff99d5da000 	D:\Programs\Programming\IntelliJ\Ultimate Edition\bin\breakgen64.dll
0x00007ff9bdb30000 - 0x00007ff9bdb48000 	C:\WINDOWS\SYSTEM32\CRYPTSP.dll
0x00007ff9bd420000 - 0x00007ff9bd455000 	C:\WINDOWS\system32\rsaenh.dll
0x00007ff9bd9e0000 - 0x00007ff9bda09000 	C:\WINDOWS\SYSTEM32\USERENV.dll
0x00007ff9bdcb0000 - 0x00007ff9bdcd7000 	C:\WINDOWS\SYSTEM32\bcrypt.dll
0x00007ff9bdb50000 - 0x00007ff9bdb5c000 	C:\WINDOWS\SYSTEM32\CRYPTBASE.dll
0x00007ff9bcff0000 - 0x00007ff9bd01d000 	C:\WINDOWS\SYSTEM32\IPHLPAPI.DLL
0x00007ff9bf7b0000 - 0x00007ff9bf7b9000 	C:\WINDOWS\System32\NSI.dll
0x00007ff9b9c50000 - 0x00007ff9b9c69000 	C:\WINDOWS\SYSTEM32\dhcpcsvc6.DLL
0x00007ff9b9da0000 - 0x00007ff9b9dbe000 	C:\WINDOWS\SYSTEM32\dhcpcsvc.DLL
0x00007ff9bd020000 - 0x00007ff9bd107000 	C:\WINDOWS\SYSTEM32\DNSAPI.dll
0x00007ff99d380000 - 0x00007ff99d50e000 	C:\Users\netma\.jdks\openjdk-18\bin\awt.dll
0x00007ff9c0c00000 - 0x00007ff9c0cd6000 	C:\WINDOWS\System32\OLEAUT32.dll
0x00007ff9b7780000 - 0x00007ff9b7811000 	C:\WINDOWS\SYSTEM32\apphelp.dll
0x00007ff99d530000 - 0x00007ff99d5b9000 	C:\Users\netma\.jdks\openjdk-18\bin\freetype.dll
0x00007ff99b0a0000 - 0x00007ff99b148000 	C:\Users\netma\.jdks\openjdk-18\bin\fontmanager.dll
0x00007ff9bab60000 - 0x00007ff9bac0c000 	C:\WINDOWS\system32\uxtheme.dll
0x00007ff963e40000 - 0x00007ff963ebf000 	C:\Program Files\ASUSTeKcomputer.Inc\Sonic Suite 3\Foundation\x64\SS3DevProps.dll
0x00007ff9bf5d0000 - 0x00007ff9bf76a000 	C:\WINDOWS\System32\ole32.dll
0x00007ff9bf4b0000 - 0x00007ff9bf5ce000 	C:\WINDOWS\System32\MSCTF.dll
0x00007ff9bf9e0000 - 0x00007ff9bfa8f000 	C:\WINDOWS\System32\clbcatq.dll
0x00007ff9b7ca0000 - 0x00007ff9b7d3c000 	C:\WINDOWS\System32\MMDevApi.dll
0x00007ff9bdfa0000 - 0x00007ff9bdfcc000 	C:\WINDOWS\System32\DEVOBJ.dll
0x00007ff9bdfd0000 - 0x00007ff9be01c000 	C:\WINDOWS\SYSTEM32\cfgmgr32.dll
0x00007ff9b2060000 - 0x00007ff9b2235000 	C:\WINDOWS\SYSTEM32\AUDIOSES.DLL
0x00007ff9ba4f0000 - 0x00007ff9ba5e7000 	C:\WINDOWS\SYSTEM32\PropSys.dll
0x00007ff9bbdd0000 - 0x00007ff9bbdff000 	C:\WINDOWS\system32\DWMAPI.DLL
0x00007ff99b5d0000 - 0x00007ff99b6d1000 	C:\WINDOWS\system32\opengl32.dll
0x00007ff99d210000 - 0x00007ff99d23d000 	C:\WINDOWS\SYSTEM32\GLU32.dll
0x00007ff9bbc10000 - 0x00007ff9bbc48000 	C:\WINDOWS\SYSTEM32\dxcore.dll
0x00007ff9b1cd0000 - 0x00007ff9b1e76000 	C:\WINDOWS\system32\d3d9.dll
0x00007ff9b25e0000 - 0x00007ff9b26e6000 	C:\WINDOWS\System32\DriverStore\FileRepository\nvami.inf_amd64_d155fe1b64617960\nvldumdx.dll
0x00007ff9bdb90000 - 0x00007ff9bdba2000 	C:\WINDOWS\SYSTEM32\msasn1.dll
0x00007ff9b9420000 - 0x00007ff9b9451000 	C:\WINDOWS\SYSTEM32\cryptnet.dll
0x00007ff9be370000 - 0x00007ff9be4d2000 	C:\WINDOWS\System32\CRYPT32.dll
0x00007ff9b92d0000 - 0x00007ff9b9419000 	C:\WINDOWS\SYSTEM32\drvstore.dll
0x00007ff9bdc00000 - 0x00007ff9bdc3d000 	C:\WINDOWS\SYSTEM32\wldp.dll
0x00000165e6380000 - 0x00000165e63e7000 	C:\WINDOWS\System32\WINTRUST.DLL
0x00007ff9bfac0000 - 0x00007ff9bfadf000 	C:\WINDOWS\System32\imagehlp.dll
0x00007ff933b90000 - 0x00007ff935318000 	C:\WINDOWS\System32\DriverStore\FileRepository\nvami.inf_amd64_d155fe1b64617960\nvd3dumx.dll
0x00007ff9b6490000 - 0x00007ff9b64d4000 	C:\WINDOWS\SYSTEM32\directxdatabasehelper.dll
0x00007ff9bbc90000 - 0x00007ff9bbcc4000 	C:\WINDOWS\SYSTEM32\ntmarta.dll
0x00007ff964310000 - 0x00007ff9645d7000 	C:\WINDOWS\system32\nvspcap64.dll
0x00007ff9bd980000 - 0x00007ff9bd9a4000 	C:\WINDOWS\SYSTEM32\gpapi.dll
0x00007ff996e60000 - 0x00007ff996f8d000 	C:\WINDOWS\SYSTEM32\textinputframework.dll
0x00007ff9b71d0000 - 0x00007ff9b7302000 	C:\WINDOWS\SYSTEM32\CoreMessaging.dll
0x00007ff9b5840000 - 0x00007ff9b5bad000 	C:\WINDOWS\SYSTEM32\CoreUIComponents.dll
0x00007ff99d360000 - 0x00007ff99d371000 	C:\Users\netma\.jdks\openjdk-18\bin\jsound.dll
0x00007ff9b7610000 - 0x00007ff9b76b2000 	C:\WINDOWS\SYSTEM32\DSOUND.dll
0x00007ff9aa070000 - 0x00007ff9aa121000 	C:\WINDOWS\SYSTEM32\ResampleDmo.DLL
0x00007ff9b31e0000 - 0x00007ff9b3209000 	C:\WINDOWS\SYSTEM32\winmmbase.dll
0x00007ff9bccd0000 - 0x00007ff9bcd1d000 	C:\WINDOWS\SYSTEM32\powrprof.dll
0x00007ff976210000 - 0x00007ff97621b000 	C:\WINDOWS\SYSTEM32\msdmo.dll
0x00007ff9bcdc0000 - 0x00007ff9bcdd3000 	C:\WINDOWS\SYSTEM32\UMPDC.dll
0x00007ff9b3190000 - 0x00007ff9b31d6000 	C:\WINDOWS\SYSTEM32\wdmaud.drv
0x00007ff9b85c0000 - 0x00007ff9b85c9000 	C:\WINDOWS\SYSTEM32\ksuser.dll
0x00007ff9bbaa0000 - 0x00007ff9bbaab000 	C:\WINDOWS\SYSTEM32\AVRT.dll
0x00007ff9b1e80000 - 0x00007ff9b1e8d000 	C:\WINDOWS\SYSTEM32\msacm32.drv
0x00007ff9b1cb0000 - 0x00007ff9b1cce000 	C:\WINDOWS\SYSTEM32\MSACM32.dll
0x00007ff9b1ca0000 - 0x00007ff9b1cab000 	C:\WINDOWS\SYSTEM32\midimap.dll
0x00007ff9bbcd0000 - 0x00007ff9bbce5000 	C:\WINDOWS\SYSTEM32\resourcepolicyclient.dll
0x00007ff996bd0000 - 0x00007ff996d58000 	C:\Windows\System32\Windows.UI.dll

dbghelp: loaded successfully - version: 4.0.5 - missing functions: none
symbol engine: initialized successfully - sym options: 0x614 - pdb path: .;C:\Users\netma\.jdks\openjdk-18\bin;C:\WINDOWS\SYSTEM32;C:\WINDOWS\WinSxS\amd64_microsoft.windows.common-controls_6595b64144ccf1df_6.0.22000.120_none_9d947278b86cc467;C:\Users\netma\.jdks\openjdk-18\bin\server;D:\Programs\Programming\IntelliJ\Ultimate Edition\bin;C:\Program Files\ASUSTeKcomputer.Inc\Sonic Suite 3\Foundation\x64;C:\WINDOWS\System32\DriverStore\FileRepository\nvami.inf_amd64_d155fe1b64617960

VM Arguments:
jvm_args: -javaagent:D:\Programs\Programming\IntelliJ\Ultimate Edition\lib\idea_rt.jar=65423:D:\Programs\Programming\IntelliJ\Ultimate Edition\bin -Dfile.encoding=UTF-8 
java_command: main.Main
java_class_path (initial): D:\Programs\Programming\Old Westbury\CS4501 - Software Engineering\SourceCode\Project\target\classes;D:\Programs\Programming\Old Westbury\CS4501 - Software Engineering\SourceCode\Project\lib\gson-2.9.0.jar;D:\Programs\Programming\Old Westbury\CS4501 - Software Engineering\SourceCode\Project\lib\jlayer-1.0.1.jar
Launcher Type: SUN_STANDARD

[Global flags]
     intx CICompilerCount                          = 4                                         {product} {ergonomic}
     uint ConcGCThreads                            = 3                                         {product} {ergonomic}
     uint G1ConcRefinementThreads                  = 10                                        {product} {ergonomic}
   size_t G1HeapRegionSize                         = 2097152                                   {product} {ergonomic}
    uintx GCDrainStackTargetSize                   = 64                                        {product} {ergonomic}
   size_t InitialHeapSize                          = 268435456                                 {product} {ergonomic}
   size_t MarkStackSize                            = 4194304                                   {product} {ergonomic}
   size_t MaxHeapSize                              = 4276092928                                {product} {ergonomic}
   size_t MaxNewSize                               = 2564816896                                {product} {ergonomic}
   size_t MinHeapDeltaBytes                        = 2097152                                   {product} {ergonomic}
   size_t MinHeapSize                              = 8388608                                   {product} {ergonomic}
    uintx NonNMethodCodeHeapSize                   = 5839372                                {pd product} {ergonomic}
    uintx NonProfiledCodeHeapSize                  = 122909434                              {pd product} {ergonomic}
    uintx ProfiledCodeHeapSize                     = 122909434                              {pd product} {ergonomic}
    uintx ReservedCodeCacheSize                    = 251658240                              {pd product} {ergonomic}
     bool SegmentedCodeCache                       = true                                      {product} {ergonomic}
   size_t SoftMaxHeapSize                          = 4276092928                             {manageable} {ergonomic}
     bool UseCompressedClassPointers               = true                           {product lp64_product} {ergonomic}
     bool UseCompressedOops                        = true                           {product lp64_product} {ergonomic}
     bool UseG1GC                                  = true                                      {product} {ergonomic}
     bool UseLargePagesIndividualAllocation        = false                                  {pd product} {ergonomic}

Logging:
Log output configuration:
 #0: stdout all=warning uptime,level,tags foldmultilines=false
 #1: stderr all=off uptime,level,tags foldmultilines=false

Environment Variables:
JAVA_HOME=C:\Program Files\Java\jdk-17.0.2
PATH=C:\Program Files\Common Files\Oracle\Java\javapath;C:\Program Files (x86)\Intel\Intel(R) Management Engine Components\iCLS\;C:\Program Files\Intel\Intel(R) Management Engine Components\iCLS\;C:\Windows\system32;C:\Windows;C:\Windows\System32\Wbem;C:\Windows\System32\WindowsPowerShell\v1.0\;C:\Windows\System32\OpenSSH\;C:\Program Files (x86)\Intel\Intel(R) Management Engine Components\DAL;C:\Program Files\Intel\Intel(R) Management Engine Components\DAL;C:\Program Files (x86)\Intel\Intel(R) Management Engine Components\IPT;C:\Program Files\Intel\Intel(R) Management Engine Components\IPT;C:\Program Files (x86)\NVIDIA Corporation\PhysX\Common;C:\Program Files\NVIDIA Corporation\NVIDIA NvDLISR;C:\Program Files\Intel\WiFi\bin\;C:\Program Files\Common Files\Intel\WirelessCommon\;C:\WINDOWS\system32;C:\WINDOWS;C:\WINDOWS\System32\Wbem;C:\WINDOWS\System32\WindowsPowerShell\v1.0\;C:\WINDOWS\System32\OpenSSH\;D:\Programs\Utilities\Git\cmd;C:\Program Files\MySQL\MySQL Shell 8.0\bin\;C:\Users\netma\AppData\Local\Microsoft\WindowsApps;D:\Programs\Utilities\SSH Secure Shell;C:\Users\netma\Documents\NCC\CSC 217\cygwin64\bin;D:\Programs\Utilities\PHP;;D:\Programs\Programming\IntelliJ\Ultimate Edition\bin;
USERNAME=netma
OS=Windows_NT
PROCESSOR_IDENTIFIER=Intel64 Family 6 Model 158 Stepping 10, GenuineIntel



---------------  S Y S T E M  ---------------

OS:
 Windows 11 , 64 bit Build 22000 (10.0.22000.434)
OS uptime: 0 days 2:59 hours

CPU: total 12 (initial active 12) (6 cores per cpu, 2 threads per core) family 6 model 158 stepping 10 microcode 0xde, cx8, cmov, fxsr, ht, mmx, 3dnowpref, sse, sse2, sse3, ssse3, sse4.1, sse4.2, popcnt, lzcnt, tsc, tscinvbit, avx, avx2, aes, erms, clmul, bmi1, bmi2, adx, fma, vzeroupper, clflush, clflushopt

Memory: 4k page, system-wide physical 16307M (1128M free)
TotalPageFile size 46697M (AvailPageFile size 0M)
current process WorkingSet (physical memory assigned to process): 1366M, peak: 11295M
current process commit charge ("private bytes"): 36237M, peak: 36238M

vm_info: OpenJDK 64-Bit Server VM (18+36-2087) for windows-amd64 JRE (18+36-2087), built on Feb 15 2022 09:37:35 by "mach5one" with MS VC++ 16.8 / 16.9 (VS2019)

END.
